<?xml version="1.0" encoding="UTF-8"?>
<testsuite name="com.jojoldu.book.springboot.web.HelloControllerTest" tests="2" skipped="0" failures="0" errors="0" timestamp="2022-08-27T08:09:38" hostname="nohyeonhaui-MacBookPro.local" time="0.106">
  <properties/>
  <testcase name="hello가_리턴된다" classname="com.jojoldu.book.springboot.web.HelloControllerTest" time="0.057"/>
  <testcase name="helloDto가_리턴된다" classname="com.jojoldu.book.springboot.web.HelloControllerTest" time="0.048"/>
  <system-out><![CDATA[2022-08-27 17:09:37.612  INFO 2619 --- [    Test worker] .b.t.a.w.s.WebMvcTestContextBootstrapper : Neither @ContextConfiguration nor @ContextHierarchy found for test class [com.jojoldu.book.springboot.web.HelloControllerTest], using SpringBootContextLoader
2022-08-27 17:09:37.612  INFO 2619 --- [    Test worker] o.s.t.c.support.AbstractContextLoader    : Could not detect default resource locations for test class [com.jojoldu.book.springboot.web.HelloControllerTest]: no resource found for suffixes {-context.xml, Context.groovy}.
2022-08-27 17:09:37.612  INFO 2619 --- [    Test worker] t.c.s.AnnotationConfigContextLoaderUtils : Could not detect default configuration classes for test class [com.jojoldu.book.springboot.web.HelloControllerTest]: HelloControllerTest does not declare any static, non-private, non-final, nested classes annotated with @Configuration.
2022-08-27 17:09:37.632  INFO 2619 --- [    Test worker] .b.t.c.SpringBootTestContextBootstrapper : Found @SpringBootConfiguration com.jojoldu.book.springboot.Application for test class com.jojoldu.book.springboot.web.HelloControllerTest
2022-08-27 17:09:37.632  INFO 2619 --- [    Test worker] .b.t.a.w.s.WebMvcTestContextBootstrapper : Loaded default TestExecutionListener class names from location [META-INF/spring.factories]: [org.springframework.security.test.context.support.WithSecurityContextTestExecutionListener, org.springframework.security.test.context.support.ReactorContextTestExecutionListener, org.springframework.boot.test.autoconfigure.restdocs.RestDocsTestExecutionListener, org.springframework.boot.test.autoconfigure.web.client.MockRestServiceServerResetTestExecutionListener, org.springframework.boot.test.autoconfigure.web.servlet.MockMvcPrintOnlyOnFailureTestExecutionListener, org.springframework.boot.test.autoconfigure.web.servlet.WebDriverTestExecutionListener, org.springframework.boot.test.mock.mockito.MockitoTestExecutionListener, org.springframework.boot.test.mock.mockito.ResetMocksTestExecutionListener, org.springframework.test.context.web.ServletTestExecutionListener, org.springframework.test.context.support.DirtiesContextBeforeModesTestExecutionListener, org.springframework.test.context.support.DependencyInjectionTestExecutionListener, org.springframework.test.context.support.DirtiesContextTestExecutionListener, org.springframework.test.context.transaction.TransactionalTestExecutionListener, org.springframework.test.context.jdbc.SqlScriptsTestExecutionListener]
2022-08-27 17:09:37.632  INFO 2619 --- [    Test worker] .b.t.a.w.s.WebMvcTestContextBootstrapper : Using TestExecutionListeners: [org.springframework.test.context.web.ServletTestExecutionListener@7d70ba18, org.springframework.test.context.support.DirtiesContextBeforeModesTestExecutionListener@6a07e6ca, org.springframework.boot.test.mock.mockito.MockitoTestExecutionListener@726ef6aa, org.springframework.boot.test.autoconfigure.SpringBootDependencyInjectionTestExecutionListener@6104691c, org.springframework.test.context.support.DirtiesContextTestExecutionListener@195cbf5e, org.springframework.test.context.transaction.TransactionalTestExecutionListener@4cb82b09, org.springframework.test.context.jdbc.SqlScriptsTestExecutionListener@49665f92, org.springframework.security.test.context.support.WithSecurityContextTestExecutionListener@b68932b, org.springframework.security.test.context.support.ReactorContextTestExecutionListener@77b27b57, org.springframework.boot.test.autoconfigure.restdocs.RestDocsTestExecutionListener@7adff6cb, org.springframework.boot.test.autoconfigure.web.client.MockRestServiceServerResetTestExecutionListener@13ebccd, org.springframework.boot.test.autoconfigure.web.servlet.MockMvcPrintOnlyOnFailureTestExecutionListener@4e80960a, org.springframework.boot.test.autoconfigure.web.servlet.WebDriverTestExecutionListener@2a0c244e, org.springframework.boot.test.mock.mockito.ResetMocksTestExecutionListener@2f60e66a]

  .   ____          _            __ _ _
 /\\ / ___'_ __ _ _(_)_ __  __ _ \ \ \ \
( ( )\___ | '_ | '_| | '_ \/ _` | \ \ \ \
 \\/  ___)| |_)| | | | | || (_| |  ) ) ) )
  '  |____| .__|_| |_|_| |_\__, | / / / /
 =========|_|==============|___/=/_/_/_/
 :: Spring Boot ::        (v2.1.7.RELEASE)

2022-08-27 17:09:37.645  INFO 2619 --- [    Test worker] c.j.b.s.web.HelloControllerTest          : Starting HelloControllerTest on nohyeonhaui-MacBookPro.local with PID 2619 (started by nohyunha in /Users/nohyunha/Documents/dev/freelec-springboot2-webservice)
2022-08-27 17:09:37.646  INFO 2619 --- [    Test worker] c.j.b.s.web.HelloControllerTest          : No active profile set, falling back to default profiles: default
2022-08-27 17:09:37.853  INFO 2619 --- [    Test worker] o.s.s.concurrent.ThreadPoolTaskExecutor  : Initializing ExecutorService 'applicationTaskExecutor'
2022-08-27 17:09:37.873  INFO 2619 --- [    Test worker] o.s.b.a.w.s.WelcomePageHandlerMapping    : Adding welcome page template: index
2022-08-27 17:09:37.980  INFO 2619 --- [    Test worker] .s.s.UserDetailsServiceAutoConfiguration : 

Using generated security password: 1653676c-c85a-4796-88e8-6080b145248d

2022-08-27 17:09:38.049  INFO 2619 --- [    Test worker] o.s.s.web.DefaultSecurityFilterChain     : Creating filter chain: any request, [org.springframework.security.web.context.request.async.WebAsyncManagerIntegrationFilter@225ac5e7, org.springframework.security.web.context.SecurityContextPersistenceFilter@757c685d, org.springframework.security.web.header.HeaderWriterFilter@40d370fa, org.springframework.security.web.csrf.CsrfFilter@75adb1c0, org.springframework.security.web.authentication.logout.LogoutFilter@31a024ea, org.springframework.security.web.authentication.UsernamePasswordAuthenticationFilter@3ce7a354, org.springframework.security.web.authentication.ui.DefaultLoginPageGeneratingFilter@34626d4, org.springframework.security.web.authentication.ui.DefaultLogoutPageGeneratingFilter@4c91f5bf, org.springframework.security.web.authentication.www.BasicAuthenticationFilter@27d5eb00, org.springframework.security.web.savedrequest.RequestCacheAwareFilter@476a970c, org.springframework.security.web.servletapi.SecurityContextHolderAwareRequestFilter@1ce57bbb, org.springframework.security.web.authentication.AnonymousAuthenticationFilter@44948ac6, org.springframework.security.web.session.SessionManagementFilter@5868ea91, org.springframework.security.web.access.ExceptionTranslationFilter@7ac90dab, org.springframework.security.web.access.intercept.FilterSecurityInterceptor@29b4444a]
2022-08-27 17:09:38.072  INFO 2619 --- [    Test worker] o.s.b.t.m.w.SpringBootMockServletContext : Initializing Spring TestDispatcherServlet ''
2022-08-27 17:09:38.072  INFO 2619 --- [    Test worker] o.s.t.web.servlet.TestDispatcherServlet  : Initializing Servlet ''
2022-08-27 17:09:38.079  INFO 2619 --- [    Test worker] o.s.t.web.servlet.TestDispatcherServlet  : Completed initialization in 7 ms
2022-08-27 17:09:38.094  INFO 2619 --- [    Test worker] c.j.b.s.web.HelloControllerTest          : Started HelloControllerTest in 0.46 seconds (JVM running for 5.194)
]]></system-out>
  <system-err><![CDATA[]]></system-err>
</testsuite>
