<?xml version="1.0" encoding="UTF-8"?>
<testsuite name="com.jojoldu.book.springboot.web.HelloControllerTest" tests="2" skipped="0" failures="0" errors="0" timestamp="2022-08-27T07:48:03" hostname="nohyeonhaui-MacBookPro.local" time="0.087">
  <properties/>
  <testcase name="hello가_리턴된다" classname="com.jojoldu.book.springboot.web.HelloControllerTest" time="0.038"/>
  <testcase name="helloDto가_리턴된다" classname="com.jojoldu.book.springboot.web.HelloControllerTest" time="0.048"/>
  <system-out><![CDATA[2022-08-27 16:48:02.944  INFO 2041 --- [    Test worker] .b.t.a.w.s.WebMvcTestContextBootstrapper : Neither @ContextConfiguration nor @ContextHierarchy found for test class [com.jojoldu.book.springboot.web.HelloControllerTest], using SpringBootContextLoader
2022-08-27 16:48:02.944  INFO 2041 --- [    Test worker] o.s.t.c.support.AbstractContextLoader    : Could not detect default resource locations for test class [com.jojoldu.book.springboot.web.HelloControllerTest]: no resource found for suffixes {-context.xml, Context.groovy}.
2022-08-27 16:48:02.944  INFO 2041 --- [    Test worker] t.c.s.AnnotationConfigContextLoaderUtils : Could not detect default configuration classes for test class [com.jojoldu.book.springboot.web.HelloControllerTest]: HelloControllerTest does not declare any static, non-private, non-final, nested classes annotated with @Configuration.
2022-08-27 16:48:02.960  INFO 2041 --- [    Test worker] .b.t.c.SpringBootTestContextBootstrapper : Found @SpringBootConfiguration com.jojoldu.book.springboot.Application for test class com.jojoldu.book.springboot.web.HelloControllerTest
2022-08-27 16:48:02.960  INFO 2041 --- [    Test worker] .b.t.a.w.s.WebMvcTestContextBootstrapper : Loaded default TestExecutionListener class names from location [META-INF/spring.factories]: [org.springframework.security.test.context.support.WithSecurityContextTestExecutionListener, org.springframework.security.test.context.support.ReactorContextTestExecutionListener, org.springframework.boot.test.autoconfigure.restdocs.RestDocsTestExecutionListener, org.springframework.boot.test.autoconfigure.web.client.MockRestServiceServerResetTestExecutionListener, org.springframework.boot.test.autoconfigure.web.servlet.MockMvcPrintOnlyOnFailureTestExecutionListener, org.springframework.boot.test.autoconfigure.web.servlet.WebDriverTestExecutionListener, org.springframework.boot.test.mock.mockito.MockitoTestExecutionListener, org.springframework.boot.test.mock.mockito.ResetMocksTestExecutionListener, org.springframework.test.context.web.ServletTestExecutionListener, org.springframework.test.context.support.DirtiesContextBeforeModesTestExecutionListener, org.springframework.test.context.support.DependencyInjectionTestExecutionListener, org.springframework.test.context.support.DirtiesContextTestExecutionListener, org.springframework.test.context.transaction.TransactionalTestExecutionListener, org.springframework.test.context.jdbc.SqlScriptsTestExecutionListener]
2022-08-27 16:48:02.961  INFO 2041 --- [    Test worker] .b.t.a.w.s.WebMvcTestContextBootstrapper : Using TestExecutionListeners: [org.springframework.test.context.web.ServletTestExecutionListener@395197cb, org.springframework.test.context.support.DirtiesContextBeforeModesTestExecutionListener@7305cfb1, org.springframework.boot.test.mock.mockito.MockitoTestExecutionListener@582c1f8d, org.springframework.boot.test.autoconfigure.SpringBootDependencyInjectionTestExecutionListener@71687d8f, org.springframework.test.context.support.DirtiesContextTestExecutionListener@443253a6, org.springframework.test.context.transaction.TransactionalTestExecutionListener@191774d6, org.springframework.test.context.jdbc.SqlScriptsTestExecutionListener@21ffc00e, org.springframework.security.test.context.support.WithSecurityContextTestExecutionListener@134955bb, org.springframework.security.test.context.support.ReactorContextTestExecutionListener@45b08b17, org.springframework.boot.test.autoconfigure.restdocs.RestDocsTestExecutionListener@6723e6b3, org.springframework.boot.test.autoconfigure.web.client.MockRestServiceServerResetTestExecutionListener@3883b5e9, org.springframework.boot.test.autoconfigure.web.servlet.MockMvcPrintOnlyOnFailureTestExecutionListener@61becbcf, org.springframework.boot.test.autoconfigure.web.servlet.WebDriverTestExecutionListener@20171cdc, org.springframework.boot.test.mock.mockito.ResetMocksTestExecutionListener@58f97013]

  .   ____          _            __ _ _
 /\\ / ___'_ __ _ _(_)_ __  __ _ \ \ \ \
( ( )\___ | '_ | '_| | '_ \/ _` | \ \ \ \
 \\/  ___)| |_)| | | | | || (_| |  ) ) ) )
  '  |____| .__|_| |_|_| |_\__, | / / / /
 =========|_|==============|___/=/_/_/_/
 :: Spring Boot ::        (v2.1.7.RELEASE)

2022-08-27 16:48:02.973  INFO 2041 --- [    Test worker] c.j.b.s.web.HelloControllerTest          : Starting HelloControllerTest on nohyeonhaui-MacBookPro.local with PID 2041 (started by nohyunha in /Users/nohyunha/Documents/dev/freelec-springboot2-webservice)
2022-08-27 16:48:02.973  INFO 2041 --- [    Test worker] c.j.b.s.web.HelloControllerTest          : No active profile set, falling back to default profiles: default
2022-08-27 16:48:03.137  INFO 2041 --- [    Test worker] o.s.s.concurrent.ThreadPoolTaskExecutor  : Initializing ExecutorService 'applicationTaskExecutor'
2022-08-27 16:48:03.159  INFO 2041 --- [    Test worker] o.s.b.a.w.s.WelcomePageHandlerMapping    : Adding welcome page template: index
2022-08-27 16:48:03.239  INFO 2041 --- [    Test worker] .s.s.UserDetailsServiceAutoConfiguration : 

Using generated security password: 138d081e-4fe8-4d27-82ee-5aaf866c1617

2022-08-27 16:48:03.291  INFO 2041 --- [    Test worker] o.s.s.web.DefaultSecurityFilterChain     : Creating filter chain: any request, [org.springframework.security.web.context.request.async.WebAsyncManagerIntegrationFilter@34626d4, org.springframework.security.web.context.SecurityContextPersistenceFilter@78e50fca, org.springframework.security.web.header.HeaderWriterFilter@e4bb10b, org.springframework.security.web.csrf.CsrfFilter@66fff42f, org.springframework.security.web.authentication.logout.LogoutFilter@5535e9, org.springframework.security.web.authentication.UsernamePasswordAuthenticationFilter@7ac90dab, org.springframework.security.web.authentication.ui.DefaultLoginPageGeneratingFilter@2ae7c1d, org.springframework.security.web.authentication.ui.DefaultLogoutPageGeneratingFilter@15ee8861, org.springframework.security.web.authentication.www.BasicAuthenticationFilter@476a970c, org.springframework.security.web.savedrequest.RequestCacheAwareFilter@2555a986, org.springframework.security.web.servletapi.SecurityContextHolderAwareRequestFilter@76c587ce, org.springframework.security.web.authentication.AnonymousAuthenticationFilter@6afaf27, org.springframework.security.web.session.SessionManagementFilter@178c6261, org.springframework.security.web.access.ExceptionTranslationFilter@32cde414, org.springframework.security.web.access.intercept.FilterSecurityInterceptor@5cfe28e1]
2022-08-27 16:48:03.310  INFO 2041 --- [    Test worker] o.s.b.t.m.w.SpringBootMockServletContext : Initializing Spring TestDispatcherServlet ''
2022-08-27 16:48:03.310  INFO 2041 --- [    Test worker] o.s.t.web.servlet.TestDispatcherServlet  : Initializing Servlet ''
2022-08-27 16:48:03.317  INFO 2041 --- [    Test worker] o.s.t.web.servlet.TestDispatcherServlet  : Completed initialization in 7 ms
2022-08-27 16:48:03.330  INFO 2041 --- [    Test worker] c.j.b.s.web.HelloControllerTest          : Started HelloControllerTest in 0.367 seconds (JVM running for 4.572)
]]></system-out>
  <system-err><![CDATA[]]></system-err>
</testsuite>
