<?xml version="1.0" encoding="UTF-8"?>
<testsuite name="com.jojoldu.book.springboot.domain.posts.PostsRepositoryTest" tests="2" skipped="0" failures="0" errors="0" timestamp="2022-08-25T12:59:19" hostname="nohyeonhaui-MacBookPro.local" time="0.117">
  <properties/>
  <testcase name="게시글저장_불러오기" classname="com.jojoldu.book.springboot.domain.posts.PostsRepositoryTest" time="0.112"/>
  <testcase name="BaseTimeEntity_등록" classname="com.jojoldu.book.springboot.domain.posts.PostsRepositoryTest" time="0.005"/>
  <system-out><![CDATA[2022-08-25 21:59:17.673  INFO 26965 --- [    Test worker] .b.t.c.SpringBootTestContextBootstrapper : Neither @ContextConfiguration nor @ContextHierarchy found for test class [com.jojoldu.book.springboot.domain.posts.PostsRepositoryTest], using SpringBootContextLoader
2022-08-25 21:59:17.674  INFO 26965 --- [    Test worker] o.s.t.c.support.AbstractContextLoader    : Could not detect default resource locations for test class [com.jojoldu.book.springboot.domain.posts.PostsRepositoryTest]: no resource found for suffixes {-context.xml, Context.groovy}.
2022-08-25 21:59:17.674  INFO 26965 --- [    Test worker] t.c.s.AnnotationConfigContextLoaderUtils : Could not detect default configuration classes for test class [com.jojoldu.book.springboot.domain.posts.PostsRepositoryTest]: PostsRepositoryTest does not declare any static, non-private, non-final, nested classes annotated with @Configuration.
2022-08-25 21:59:17.678  INFO 26965 --- [    Test worker] .b.t.c.SpringBootTestContextBootstrapper : Found @SpringBootConfiguration com.jojoldu.book.springboot.Application for test class com.jojoldu.book.springboot.domain.posts.PostsRepositoryTest
2022-08-25 21:59:17.679  INFO 26965 --- [    Test worker] .b.t.c.SpringBootTestContextBootstrapper : Loaded default TestExecutionListener class names from location [META-INF/spring.factories]: [org.springframework.security.test.context.support.WithSecurityContextTestExecutionListener, org.springframework.security.test.context.support.ReactorContextTestExecutionListener, org.springframework.boot.test.autoconfigure.restdocs.RestDocsTestExecutionListener, org.springframework.boot.test.autoconfigure.web.client.MockRestServiceServerResetTestExecutionListener, org.springframework.boot.test.autoconfigure.web.servlet.MockMvcPrintOnlyOnFailureTestExecutionListener, org.springframework.boot.test.autoconfigure.web.servlet.WebDriverTestExecutionListener, org.springframework.boot.test.mock.mockito.MockitoTestExecutionListener, org.springframework.boot.test.mock.mockito.ResetMocksTestExecutionListener, org.springframework.test.context.web.ServletTestExecutionListener, org.springframework.test.context.support.DirtiesContextBeforeModesTestExecutionListener, org.springframework.test.context.support.DependencyInjectionTestExecutionListener, org.springframework.test.context.support.DirtiesContextTestExecutionListener, org.springframework.test.context.transaction.TransactionalTestExecutionListener, org.springframework.test.context.jdbc.SqlScriptsTestExecutionListener]
2022-08-25 21:59:17.679  INFO 26965 --- [    Test worker] .b.t.c.SpringBootTestContextBootstrapper : Using TestExecutionListeners: [org.springframework.test.context.web.ServletTestExecutionListener@1f3b992, org.springframework.test.context.support.DirtiesContextBeforeModesTestExecutionListener@2a53f215, org.springframework.boot.test.mock.mockito.MockitoTestExecutionListener@6b63e6ad, org.springframework.boot.test.autoconfigure.SpringBootDependencyInjectionTestExecutionListener@7beae796, org.springframework.test.context.support.DirtiesContextTestExecutionListener@6749fe50, org.springframework.test.context.transaction.TransactionalTestExecutionListener@52bf7bf6, org.springframework.test.context.jdbc.SqlScriptsTestExecutionListener@261db982, org.springframework.security.test.context.support.WithSecurityContextTestExecutionListener@ae73c80, org.springframework.security.test.context.support.ReactorContextTestExecutionListener@22f4f8f2, org.springframework.boot.test.autoconfigure.restdocs.RestDocsTestExecutionListener@bbd4791, org.springframework.boot.test.autoconfigure.web.client.MockRestServiceServerResetTestExecutionListener@40a72ecd, org.springframework.boot.test.autoconfigure.web.servlet.MockMvcPrintOnlyOnFailureTestExecutionListener@73971965, org.springframework.boot.test.autoconfigure.web.servlet.WebDriverTestExecutionListener@76a14c8d, org.springframework.boot.test.mock.mockito.ResetMocksTestExecutionListener@17410c07]

  .   ____          _            __ _ _
 /\\ / ___'_ __ _ _(_)_ __  __ _ \ \ \ \
( ( )\___ | '_ | '_| | '_ \/ _` | \ \ \ \
 \\/  ___)| |_)| | | | | || (_| |  ) ) ) )
  '  |____| .__|_| |_|_| |_\__, | / / / /
 =========|_|==============|___/=/_/_/_/
 :: Spring Boot ::        (v2.1.7.RELEASE)

2022-08-25 21:59:17.690  INFO 26965 --- [    Test worker] c.j.b.s.d.posts.PostsRepositoryTest      : Starting PostsRepositoryTest on nohyeonhaui-MacBookPro.local with PID 26965 (started by nohyunha in /Users/nohyunha/Documents/dev/freelec-springboot2-webservice)
2022-08-25 21:59:17.690  INFO 26965 --- [    Test worker] c.j.b.s.d.posts.PostsRepositoryTest      : No active profile set, falling back to default profiles: default
2022-08-25 21:59:17.873  INFO 26965 --- [    Test worker] .s.d.r.c.RepositoryConfigurationDelegate : Bootstrapping Spring Data repositories in DEFAULT mode.
2022-08-25 21:59:17.908  INFO 26965 --- [    Test worker] .s.d.r.c.RepositoryConfigurationDelegate : Finished Spring Data repository scanning in 30ms. Found 2 repository interfaces.
2022-08-25 21:59:18.060  INFO 26965 --- [    Test worker] trationDelegate$BeanPostProcessorChecker : Bean 'org.springframework.transaction.annotation.ProxyTransactionManagementConfiguration' of type [org.springframework.transaction.annotation.ProxyTransactionManagementConfiguration$$EnhancerBySpringCGLIB$$6ed9fda7] is not eligible for getting processed by all BeanPostProcessors (for example: not eligible for auto-proxying)
2022-08-25 21:59:18.139  INFO 26965 --- [    Test worker] com.zaxxer.hikari.HikariDataSource       : HikariPool-1 - Starting...
2022-08-25 21:59:18.249  INFO 26965 --- [    Test worker] com.zaxxer.hikari.HikariDataSource       : HikariPool-1 - Start completed.
2022-08-25 21:59:18.300  INFO 26965 --- [    Test worker] o.hibernate.jpa.internal.util.LogHelper  : HHH000204: Processing PersistenceUnitInfo [
	name: default
	...]
2022-08-25 21:59:18.338  INFO 26965 --- [    Test worker] org.hibernate.Version                    : HHH000412: Hibernate Core {5.3.10.Final}
2022-08-25 21:59:18.338  INFO 26965 --- [    Test worker] org.hibernate.cfg.Environment            : HHH000206: hibernate.properties not found
2022-08-25 21:59:18.368  INFO 26965 --- [    Test worker] o.hibernate.annotations.common.Version   : HCANN000001: Hibernate Commons Annotations {5.0.4.Final}
2022-08-25 21:59:18.451  INFO 26965 --- [    Test worker] org.hibernate.dialect.Dialect            : HHH000400: Using dialect: org.hibernate.dialect.MySQL5InnoDBDialect
Hibernate: drop table if exists posts
Hibernate: drop table if exists user
Hibernate: create table posts (id bigint not null auto_increment, created_date datetime, modified_date datetime, author varchar(255), content TEXT not null, title varchar(500) not null, primary key (id)) engine=InnoDB
Hibernate: create table user (id bigint not null auto_increment, created_date datetime, modified_date datetime, email varchar(255) not null, name varchar(255) not null, picture varchar(255), role varchar(255) not null, primary key (id)) engine=InnoDB
2022-08-25 21:59:18.982  INFO 26965 --- [    Test worker] o.h.t.schema.internal.SchemaCreatorImpl  : HHH000476: Executing import script 'org.hibernate.tool.schema.internal.exec.ScriptSourceInputNonExistentImpl@59c08cf1'
2022-08-25 21:59:18.983  INFO 26965 --- [    Test worker] j.LocalContainerEntityManagerFactoryBean : Initialized JPA EntityManagerFactory for persistence unit 'default'
2022-08-25 21:59:19.253  INFO 26965 --- [    Test worker] o.h.h.i.QueryTranslatorFactoryInitiator  : HHH000397: Using ASTQueryTranslatorFactory
2022-08-25 21:59:19.419  INFO 26965 --- [    Test worker] o.s.s.web.DefaultSecurityFilterChain     : Creating filter chain: any request, [org.springframework.security.web.context.request.async.WebAsyncManagerIntegrationFilter@6c8ad6d7, org.springframework.security.web.context.SecurityContextPersistenceFilter@5751e53e, org.springframework.security.web.header.HeaderWriterFilter@54e06788, org.springframework.security.web.authentication.logout.LogoutFilter@4b240276, org.springframework.security.oauth2.client.web.OAuth2AuthorizationRequestRedirectFilter@53fc870f, org.springframework.security.oauth2.client.web.OAuth2LoginAuthenticationFilter@42db955e, org.springframework.security.web.authentication.ui.DefaultLoginPageGeneratingFilter@13047d3d, org.springframework.security.web.authentication.ui.DefaultLogoutPageGeneratingFilter@2d0778d0, org.springframework.security.web.savedrequest.RequestCacheAwareFilter@4e45fbd0, org.springframework.security.web.servletapi.SecurityContextHolderAwareRequestFilter@19ce19b7, org.springframework.security.web.authentication.AnonymousAuthenticationFilter@33e8694b, org.springframework.security.web.session.SessionManagementFilter@4e789704, org.springframework.security.web.access.ExceptionTranslationFilter@3205610d, org.springframework.security.web.access.intercept.FilterSecurityInterceptor@5ddf5118]
2022-08-25 21:59:19.589  INFO 26965 --- [    Test worker] o.s.s.concurrent.ThreadPoolTaskExecutor  : Initializing ExecutorService 'applicationTaskExecutor'
2022-08-25 21:59:19.598  WARN 26965 --- [    Test worker] aWebConfiguration$JpaWebMvcConfiguration : spring.jpa.open-in-view is enabled by default. Therefore, database queries may be performed during view rendering. Explicitly configure spring.jpa.open-in-view to disable this warning
2022-08-25 21:59:19.617  INFO 26965 --- [    Test worker] o.s.b.a.w.s.WelcomePageHandlerMapping    : Adding welcome page template: index
2022-08-25 21:59:19.824  INFO 26965 --- [    Test worker] s.a.ScheduledAnnotationBeanPostProcessor : No TaskScheduler/ScheduledExecutorService bean found for scheduled processing
2022-08-25 21:59:19.828  INFO 26965 --- [    Test worker] c.j.b.s.d.posts.PostsRepositoryTest      : Started PostsRepositoryTest in 2.148 seconds (JVM running for 4.302)
Hibernate: insert into posts (created_date, modified_date, author, content, title) values (?, ?, ?, ?, ?)
Hibernate: select posts0_.id as id1_0_, posts0_.created_date as created_2_0_, posts0_.modified_date as modified3_0_, posts0_.author as author4_0_, posts0_.content as content5_0_, posts0_.title as title6_0_ from posts posts0_
Hibernate: select posts0_.id as id1_0_, posts0_.created_date as created_2_0_, posts0_.modified_date as modified3_0_, posts0_.author as author4_0_, posts0_.content as content5_0_, posts0_.title as title6_0_ from posts posts0_
Hibernate: delete from posts where id=?
Hibernate: insert into posts (created_date, modified_date, author, content, title) values (?, ?, ?, ?, ?)
Hibernate: select posts0_.id as id1_0_, posts0_.created_date as created_2_0_, posts0_.modified_date as modified3_0_, posts0_.author as author4_0_, posts0_.content as content5_0_, posts0_.title as title6_0_ from posts posts0_
>>>>>>>>>> createDate=2022-08-25T21:59:19.944, modifiedDate = 2022-08-25T21:59:19.944
Hibernate: select posts0_.id as id1_0_, posts0_.created_date as created_2_0_, posts0_.modified_date as modified3_0_, posts0_.author as author4_0_, posts0_.content as content5_0_, posts0_.title as title6_0_ from posts posts0_
Hibernate: delete from posts where id=?
]]></system-out>
  <system-err><![CDATA[]]></system-err>
</testsuite>
